<?xml version="1.0" encoding="UTF-8"?>
<!-- Generated by org.testng.reporters.JUnitXMLReporter -->
<testsuite ignored="0" hostname="DESKTOP-OODQLTV" failures="1" tests="2" name="Test" time="21.806" errors="0" timestamp="2024-04-03T22:39:48 IST">
  <testcase classname="com.vtech.testcases.LoginTC" name="verifyLoginPageTitle" time="0.06">
    <failure type="java.lang.AssertionError" message="expected [Guru99 Bank Home Page] but found [Guru99 Bank Manager HomePage]">
      <![CDATA[java.lang.AssertionError: expected [Guru99 Bank Home Page] but found [Guru99 Bank Manager HomePage]
at com.vtech.testcases.LoginTC.verifyLoginPageTitle(LoginTC.java:40)
at java.base/java.util.ArrayList.forEach(ArrayList.java:1511)
... Removed 33 stack frames]]>
    </failure>
  </testcase> <!-- verifyLoginPageTitle -->
  <testcase classname="com.vtech.testcases.LoginTC" name="verifyloginfunctionality" time="0.02"/>
</testsuite> <!-- Test -->
